
procs -----------memory---------- ---swap-- -----io---- -system-- ------cpu-----
 r  b   swpd   Frei Puffer  Cache   si   so    bi    bo   In   cs US SY ID WA st
 1  0      0 1383904 227100 1817252    0    0    25   101  102  197  1  0 99  0  0
 0  0      0 1326620 227244 1837608    0    0     0  2121 3093 3031 12  5 83  0  0
 0  0      0 1322780 227264 1842544    0    0     0  1983  494  463  0  0 99  0  0
 0  0      0 1318176 227280 1847432    0    0     0   538  579  713  0  1 99  0  0
 0  1      0 1218972 234644 1919028    0    0     0  6041 3224 5888  8  6 79  6  0
 0  1      0 1250856 240272 1911908    0    0     0  4304 6143 11457 10 11 74  5  0
 1  0      0 1228924 240380 1932352    0    0     0  2127 2294 2261  8  3 88  1  0
 0  0      0 1191852 240380 1941104    0    0     0   911  829  784  5  1 94  0  0
 0  2      0 1092800 245804 2013696    0    0     0 17019 3130 5699  8  6 74 13  0
 1  1      0 1084168 248084 2018168    0    0     0  6052 3327 5812  9  9 72 10  0
 0  0      0 1128784 252088 2010120    0    0     0  1849 4023 7741  4  4 91  1  0
 1  0      0 1095824 252100 2043648    0    0     0  2414 1131  806  2  1 96  0  0
 0  0      0 1081216 252108 2027332    0    0     0   215  380  325  9  1 90  0  0
 0  0      0 1077580 252116 2031364    0    0     0 10061  365  279  0  1 97  2  0
 0  0      0 1074672 252120 2034552    0    0     0  1342  302  271  0  0 99  0  0
 3  0      0 1055024 252384 2046116    0    0     0  1716  619  937  1  1 97  1  0
 1  0      0 968808 258204 2111756    0    0     0  5545 4140 7475 13 10 71  7  0
 0  0      0 1008516 262604 2106308    0    0     0  2476 5507 10270  6  8 84  2  0
 1  0      0 972316 262616 2121944    0    0     0  2450 1658 1313  6  2 92  0  0
 0  0      0 961432 262628 2125732    0    0     0   388  375  282  5  1 94  0  0
 0  0      0 957740 262632 2128824    0    0     0  9810  327  290  0  0 97  3  0
procs -----------memory---------- ---swap-- -----io---- -system-- ------cpu-----
 r  b   swpd   Frei Puffer  Cache   si   so    bi    bo   In   cs US SY ID WA st
 1  1      0 884836 266704 2182404    0    0     0  5150 2452 4277  3  4 89  4  0
 1  0      0 849868 269880 2207696    0    0     0  4103 3603 6285 13  9 72  5  0
 0  0      0 869268 273924 2220760    0    0     0  2768 5133 8618  6  6 87  2  0
 0  0      0 841396 273940 2218712    0    0     0  1102  887  653  9  1 89  0  0
 0  0      0 837204 273952 2223492    0    0     0  1079  439  395  0  1 99  0  0
 2  1      0 807156 274748 2245072    0    0     0 10650 1101 1678  1  2 83 14  0
 0  1      0 737460 278672 2301480    0    0     0  6938 3834 6816 12  8 72  8  0
 0  0      0 775728 282916 2292448    0    0     0  2369 5372 10159  6  7 84  2  0
 0  0      0 768816 282920 2299640    0    0     0   844  746  818  0  1 99  0  0
 1  0      0 754016 282920 2314936    0    0     0   952  585  763  2  1 98  0  0
 0  0      0 739972 282928 2328524    0    0     0 10408  691  898  1  1 93  5  0
 0  0      0 726884 282932 2313112    0    0     0   639  404  334  8  2 91  0  0
 0  0      0 723588 282940 2316572    0    0     0  1264  285  257  0  1 99  0  0
 0  0      0 718576 282944 2321336    0    0     0   538  391  349  0  1 99  0  0
 1  0      0 615116 287916 2393000    0    0     0  5397 3290 5925  9  6 80  5  0
 1  0      0 659480 292940 2385876    0    0     0  3899 6444 12136 10 10 75  4  0
 0  0      0 637044 292952 2408412    0    0     0  1108 1193  943  3  2 96  0  0
 0  0      0 631388 292960 2414364    0    0     0     3  745  862  0  1 99  0  0
 1  1      0 609792 292984 2407388    0    0     0 11161  537  487  9  2 86  4  0
 1  0      0 574448 293968 2434548    0    0     0  2741 1728 2213  1  2 95  1  0
 1  0      0 498556 298372 2490836    0    0     0  5301 3979 7067 13  9 72  6  0
procs -----------memory---------- ---swap-- -----io---- -system-- ------cpu-----
 r  b   swpd   Frei Puffer  Cache   si   so    bi    bo   In   cs US SY ID WA st
 0  0      0 527500 302164 2481820    0    0     0 12606 5144 9723  5  7 84  4  0
 0  0      0 514372 302168 2506332    0    0     0  1229 1064  778  2  1 96  0  0
 1  0      0 491292 302180 2501012    0    0     0   932  550  428  8  1 91  0  0
 0  0      0 486388 302188 2505216    0    0     0  1266  353  248  2  1 98  0  0
 0  0      0 481948 302196 2508856    0    0     0  1363  331  277  0  0 100  0  0
 2  0      0 443140 303276 2537916    0    0     0  2749 1373 2330  1  2 94  2  0
 2  0      0 382644 306248 2585904    0    0     0  5215 3796 6746 14  9 71  7  0
 0  0      0 402804 310132 2593852    0    0     0 18184 5875 10192  7  7 77  8  0
 1  0      0 378784 310148 2595784    0    0     0  1258  922  657  5  1 94  0  0
 0  0      0 369764 310156 2599584    0    0     0   402  366  286  5  1 94  0  0
 2  0      0 367432 310160 2602108    0    0     0  1201  257  257  0  0 99  0  0
 1  0      0 363084 310168 2606108    0    0     0  1674  359  300  0  0 99  0  0
 0  1      0 269376 314968 2680148    0    0     0  5302 4294 7735 12  9 72  7  0
 1  0      0 307388 316652 2673644    0    0     0  2797 5442 10012  7  9 81  3  0
 1  0      0 291732 316656 2690512    0    0     0  2442 1648 1213  7  2 91  0  0
 0  0      0 257708 316668 2694608    0    0     0   435  426  333  5  1 94  0  0
 0  0      0 254344 316672 2697812    0    0     0  9879  328  268  0  1 96  3  0
 0  0      0 251116 316672 2700772    0    0     0  1468  296  259  0  0 99  0  0
 2  0      0 152860 319168 2772240    0    0     0  6143 3961 7144 11  8 74  7  0
 1  0      0 270692 307944 2706764    0    0     2  4150 5892 10991  9  9 78  4  0
 1  0      0 223880 307964 2724468    0    0     0 12099 2357 2120 12  3 80  6  0
procs -----------memory---------- ---swap-- -----io---- -system-- ------cpu-----
 r  b   swpd   Frei Puffer  Cache   si   so    bi    bo   In   cs US SY ID WA st
 0  1      0 208824 308008 2734476    0    0     0  1104 1066 1014  1  1 97  1  0
 2  0      0 107116 311072 2808100    0    0     0  5286 4263 7718 12  8 72  8  0
 0  0      0 244428 313332 2699096    0    0     1 14410 5749 10637  7  9 79  6  0
 0  0      0 217992 313336 2716260    0    0     0  2055 1585 1115 11  2 87  0  0
 1  0      0 151484 314828 2769956    0    0     0  3372 2586 4124  3  4 91  3  0
 1  0     12 166716 316640 2747064    0    1     0  5192 3569 6281 13  9 72  6  0
 1  0      0 216752 318656 2696676    0    0  1537 18498 4797 9263  6  6 78 11  0
 0  0      0 140084 318656 2746364    0    0  1068  1109 1375 1266  4  2 94  0  0
 0  0      0 115128 318664 2741920    0    0     0   936  698  536  9  2 89  0  0
 0  0      0 111132 318664 2745804    0    0     0  1454  359  262  0  0 99  0  0
 1  0      0 108516 318668 2748700    0    0     0  1434  299  272  0  0 99  0  0
 1  0      8 109736 319216 2735744    0    1     7  3184 1607 2668  2  3 93  2  0
 1  0     32 137144 321296 2702976    0    2   101  4557 3665 6520 13  9 71  7  0
 1  0      0 234116 323964 2636080    2    0    50 18236 6282 10384  6  8 79  7  0
 0  0      0 202724 323976 2639272    0    0     0  1530 1551 1333 10  3 87  0  0
 0  1      0 129944 326204 2697680    0    0     0  3745 2920 4861  3  5 89  3  0
 1  0     40 128368 327624 2695084    0    4     0  4537 3487 6056 13  8 72  6  0
 1  0      0 244476 328932 2613612    0    0     5 16389 4485 8215  4  5 84  7  0
 1  0      0 202092 328944 2628188    0    0     0  2194 1468 1079 11  2 87  0  0
 0  1      0 166752 329596 2655796    0    0     0  1638 1420 2079  1  2 96  1  0
 0  1     24 140876 331516 2673732    0    3     0  6932 3740 6713 12  9 71  8  0
procs -----------memory---------- ---swap-- -----io---- -system-- ------cpu-----
 r  b   swpd   Frei Puffer  Cache   si   so    bi    bo   In   cs US SY ID WA st
 0  0      0 246704 334500 2587252    1    0    12 18553 5350 10187  7  7 76 10  0
 0  0      0 220780 334504 2623780    0    0     0  1981 1504 1064  4  1 95  0  0
 0  0      0 206600 334516 2609240    0    0     0   362  471  399  8  1 91  0  0
 0  0      0 203060 334516 2612776    0    0     0  1447  369  291  0  0 99  0  0
 0  0      0 198072 334516 2617580    0    0     0  2492  401  377  0  0 99  0  0
 0  1   2056 131272 336356 2660112    3  206    30  5341 4072 7373 11  9 73  7  0
 0  0      0 251880 339612 2576128    2    0    26  8210 5596 10505  8  9 76  7  0
 0  0      0 203448 339612 2596828    0    0     0 11420 2404 1935 12  3 84  2  0
 0  1      0 183956 339644 2610068    0    0     0  1202 1190 1232  1  2 97  0  0
 1  0      0 150652 340428 2631472    0    0     2  5354 4168 7615 12  9 72  7  0
 0  0      0 335240 343384 2534788    0    0   302 10440 5682 10902  9  9 70 12  0
 1  0      0 329100 343392 2540764    0    0     1  8067  649  571  1  1 96  3  0
 0  0      0 316252 343392 2554624    0    0     0   780 1017 1287  2  1 97  0  0
 0  0      0 307980 343396 2562096    0    0     2  2250 1067 1472  1  1 98  0  0
 1  0      0 287412 343396 2555052    0    0     0  1482  745  813  9  2 89  0  0
 0  0      0 282852 343396 2559684    0    0     0   486  460  507  1  1 98  0  0
 0  0      0 278172 343396 2564816    0    0     0  1462  439  494  0  1 99  0  0
 1  1      0 192884 344900 2636728    0    0     0  5450 3851 6930 11  7 76  6  0
 2  0      0 280388 348284 2575920    0    0     0  9522 5974 11155 10 10 73  8  0
 0  0      0 273296 348300 2581800    0    0     0 10361 1216 1822  1  2 93  4  0
 0  0      0 260208 348300 2595404    0    0     0   777  429  297  1  1 98  0  0
procs -----------memory---------- ---swap-- -----io---- -system-- ------cpu-----
 r  b   swpd   Frei Puffer  Cache   si   so    bi    bo   In   cs US SY ID WA st
 0  0      0 252876 348300 2602760    0    0     0   346  403  214  0  1 99  0  0
 1  0      0 242304 348300 2596224    0    0     0  1265  407  282  6  1 93  0  0
 0  0      0 219088 348300 2606560    0    0     0  1037  830  725  3  1 95  0  0
 1  1      0 129748 350844 2680732    0    0     0  6094 4098 7428 12  8 72  7  0
 0  0      0 243504 353044 2593536    0    0     0  5874 5690 10762  9  8 77  5  0
 0  0      0 236984 353044 2600740    0    0     0  8716  705  665  0  1 97  2  0
 0  0      0 222116 353048 2616048    0    0     0   952  600  711  2  1 97  0  0
 0  0      0 216280 353052 2622000    0    0     0  1041  779 1020  0  1 99  0  0
 0  0      0 194304 353068 2615388    0    0     0  1846  509  470  9  1 89  0  0
 2  0      0 158272 354220 2642604    0    0     0  2798 1826 2633  1  3 95  1  0
 0  1      8 149756 355864 2644268    0    1     0  5002 3759 6699 13  9 71  7  0
 0  0      0 285388 358816 2538144    0    0    23 17206 5396 9985  6  7 79  7  0
 0  0      0 240772 358824 2555812    0    0     0  2194 2178 1993 11  3 86  0  0
 0  1      0 198932 359280 2589268    0    0     0  2208 1917 2877  2  3 93  2  0
 1  0      0 140040 360144 2638192    0    0     0  6510 3685 6594 13  8 71  7  0
 0  0      4 277480 361944 2529352    0    0     0 16666 5325 9975  6  7 78  9  0
 0  0      4 238788 361956 2545476    0    0     0  2045 1509 1062 11  2 87  0  0
 0  1      4 163092 363580 2607600    0    0     0  4050 3223 5095  2  5 89  4  0
 1  0      4 138404 364772 2629944    0    0     0  5644 2741 4806 12  7 71  9  0
 0  0      4 254476 365444 2547096    0    0     0 16080 6835 10984  7  9 78  6  0
 0  0      4 230492 365444 2543260    0    0     0  1246  856  685  9  2 89  0  0
procs -----------memory---------- ---swap-- -----io---- -system-- ------cpu-----
 r  b   swpd   Frei Puffer  Cache   si   so    bi    bo   In   cs US SY ID WA st
 0  0      4 227080 365444 2546708    0    0     0   412  308  274  0  0 100  0  0
 0  0      4 222884 365444 2551068    0    0     0  3887  519  549  0  1 99  0  0
 2  0      4 131048 366804 2622380    0    0     0  6266 3543 6484 11  7 73  9  0
 3  0      4 289028 369888 2504080    0    0     0  8924 5196 9586  9  9 74  7  0
 0  0      4 266104 369900 2526236    0    0     6 10836 2401 3348  3  2 92  3  0
 1  0      4 238208 369900 2524556    0    0     0   933  826  676  9  2 89  0  0
 0  0      4 232672 369900 2529244    0    0     0   732  421  344  1  1 98  0  0
 0  0      4 226596 369900 2533424    0    0     0  1181  448  374  0  0 99  0  0
 1  1      4 165232 370088 2583552    0    0     0  4474 2194 3965  3  4 89  4  0
 1  0      4 135500 371176 2610316    0    0     0  4051 3412 5992 13  8 72  7  0
 0  0      4 298664 372968 2480008    0    0     0 16689 4666 8798  5  6 83  6  0
 0  0      4 293288 372968 2486128    0    0     0   158  740  772  0  0 100  0  0
 0  0      4 277960 372972 2501536    0    0     0   953  656  643  2  1 98  0  0
 2  0      4 264748 372972 2514908    0    0     0  1713  681  894  2  1 98  0  0
 0  0      4 253000 372992 2498336    0    0     0   289  317  276  8  1 91  0  0
 0  0      4 249800 373000 2501964    0    0     0  1354  284  263  0  0 99  0  0
 0  0      4 247576 373004 2504112    0    0     0   244  257  246  0  0 99  0  0
 0  0      4 244196 373008 2507596    0    0     0  1289  270  254  0  1 99  0  0
 1  0      4 150332 375184 2579008    0    0     0  4592 3517 6379 10  8 75  6  0
 0  0      4 275352 376632 2493180    0    0     0  9558 5625 10537  9  9 75  8  0
 0  0      4 258172 376672 2511884    0    0     0 10449 1435 1768  3  2 93  2  0
procs -----------memory---------- ---swap-- -----io---- -system-- ------cpu-----
 r  b   swpd   Frei Puffer  Cache   si   so    bi    bo   In   cs US SY ID WA st
 1  0      4 242136 376676 2513512    0    0     0  1104  773  661  4  1 95  0  0
 0  0      4 218032 376684 2523424    0    0     0  1268  779  686  6  2 92  0  0
 1  1      4 133044 377632 2595100    0    0     0  5784 3732 6732 11  8 73  8  0
 0  0      4 245052 381016 2512008    0    0     0  7736 6174 11649  9  9 74  8  0
 0  0      4 219776 381016 2538208    0    0     0  9680 1484 1055  3  2 94  2  0
 0  0      4 195532 381016 2534124    0    0     0  1096  773  587  9  2 89  0  0
 0  0      4 190512 381016 2538960    0    0     0  2104  458  419  0  0 99  1  0
 0  1      4 129172 382040 2588056    0    0     0  3919 2384 4175  3  4 89  4  0
 1  0      4 147560 383340 2565996    0    0     0  4921 3372 5916 13  8 72  7  0
 1  0      4 263720 384632 2485976    0    0     6 17277 4592 8720  4  6 83  7  0
 1  0      4 258140 384632 2491840    0    0     0   148  647  791  0  1 99  0  0
 0  0      4 243084 384632 2507236    0    0     0   952  589  723  2  0 98  0  0
 0  0      4 229292 384632 2520760    0    0     0  1690  673  893  2  1 97  1  0
 0  0      4 216948 384632 2504360    0    0     0   353  308  267  8  1 91  0  0
 0  0      4 214480 384632 2507804    0    0     0  1353  285  259  0  0 99  0  0
 0  0      4 212020 384632 2510144    0    0     0   243  221  217  0  0 100  0  0
 0  0      4 208960 384636 2513632    0    0     0  1312  318  283  0  0 99  0  0
 0  1      4 119728 386764 2587864    0    0     0  5316 4194 7594 12  8 72  7  0
 1  0      4 244876 388984 2483228    2    7    11 13381 5535 10548  8  8 77  7  0
 0  0      4 247168 388984 2493632    0    0     0  4444  636  435  1  1 96  2  0
 0  0      4 218312 388984 2523064    0    0     0  1866  970  716  3  1 96  0  0
procs -----------memory---------- ---swap-- -----io---- -system-- ------cpu-----
 r  b   swpd   Frei Puffer  Cache   si   so    bi    bo   In   cs US SY ID WA st
 0  0      4 205436 388984 2507508    0    0     0   507  479  375  7  1 91  0  0
 0  0      4 200484 388988 2512188    0    0     0  1417  471  409  0  1 99  0  0
 1  0      4 114156 390712 2579312    0    0     0  5425 3026 5459  8  5 82  5  0
 0  1     12 148460 392972 2569384    0    1     4  7448 3757 6734 10  9 72  9  0
 1  0     12 222508 393236 2497020    0    0     3 12888 5491 7920  7  5 85  3  0
 0  0     12 195516 393244 2504352    0    0     0   692  788  715  7  2 92  0  0
 1  1     12 134144 395616 2550128    0    0     1  4473 3460 6083  9  7 80  5  0
 1  0     12 394916 398072 2320456    0    0     3 10934 4053 7384  9  9 73  9  0
 1  0     12 378048 398188 2341016    0    0     0 10504 4951 6940  9  5 84  2  0
 1  0     12 337928 398188 2349952    0    0     0   905  948  797  5  1 94  0  0
 0  1     12 253204 399188 2422692    0    0     0  6527 3409 6139  9  7 78  6  0
 0  0     12 288612 402128 2415340    0    0     0  7649 5420 10000  9  9 73  8  0
 0  0     12 267188 402236 2438272    0    0     0  7981 2320 3152  3  2 93  1  0
 1  0     12 262120 402244 2435704    0    0     0   932  925  803  3  1 96  0  0
 0  0     12 233316 402264 2443660    0    0     0  3722  836  717  7  1 92  0  0
 0  1     12 144532 405392 2517260    0    0     0  5317 3463 6142  9  7 79  5  0
 1  0     12 282992 406088 2408480    0    0     0 10752 4195 7658  8 10 73  9  0
 0  0     12 274120 406220 2417284    0    0     4  9411 3037 5295  2  3 91  4  0
 1  0     12 235560 406220 2429008    0    0     0  1881 1323  991 11  2 87  0  0
 0  0     12 230772 406220 2433224    0    0     0  1464  386  320  0  1 99  0  0
 0  0     12 228824 406220 2435416    0    0     0   988  228  202  0  0 100  0  0
procs -----------memory---------- ---swap-- -----io---- -system-- ------cpu-----
 r  b   swpd   Frei Puffer  Cache   si   so    bi    bo   In   cs US SY ID WA st
 0  0     12 224884 406220 2439148    0    0     0  2258  300  250  0  0 99  0  0
 0  1     12 136948 407304 2510592    0    0     0  4637 3551 6386 11  8 75  6  0
 0  1     12 281284 410144 2402580    0    0     0  8843 5491 10202  9  9 74  8  0
 0  0     12 251524 410164 2430872    0    0     0 10686 2287 2737  4  3 91  2  0
 0  0     12 228404 410164 2424628    0    0     0  1102  510  396 11  2 88  0  0
 0  0     12 224816 410164 2428556    0    0     0   665  317  256  0  0 99  0  0
 0  0     12 220404 410164 2432976    0    0     0  1990  347  276  0  1 99  0  0
 2  0     12 125796 412292 2504464    0    0     0  5341 3630 6617 12  9 72  7  0
 1  1     12 300980 412920 2370572    0    0     0  8054 3780 6808 11 11 71  7  0
 1  0     12 275564 413212 2397000    0    0     0 11228 4043 6658  5  4 87  3  0
 1  0     12 248116 413212 2396020    0    0     0  1472  914  697 12  2 86  0  0
 1  0     12 156044 414448 2469596    0    0     0  4239 3353 5846  9  7 80  4  0
 3  0     12 151320 414828 2476548    0    0     0  4884 3301 5701 12  9 71  7  0
 0  0     12 256264 415840 2404120    0    0     6 16452 4450 8462  4  7 82  7  0
 0  0     12 232584 415840 2428856    0    0     0  1231  859  566  2  1 95  1  0
 0  0     12 208516 415840 2423288    0    0     0   937  509  368 11  2 87  0  0
 0  0     12 205020 415840 2427448    0    0     0  1506  262  219  0  0 99  0  0
 0  0     12 201092 415840 2431884    0    0     0  1336  296  235  0  1 99  0  0
 1  0     12 140716 417004 2479128    0    0     0  3805 2170 3862  3  4 90  3  0
 1  0     64 166112 417800 2449364    0    5     0  3459 3038 5344 15  9 71  5  0
 0  1     12 248280 419668 2384156    0    0     6 16884 5626 10565  8  9 75  8  0
procs -----------memory---------- ---swap-- -----io---- -system-- ------cpu-----
 r  b   swpd   Frei Puffer  Cache   si   so    bi    bo   In   cs US SY ID WA st
 0  0     12 257228 419668 2391008    0    0     0   367  511  563  1  1 97  1  0
 0  0     12 242184 419668 2406340    0    0     0   952  560  643  2  1 97  0  0
 0  0     12 236392 419668 2412204    0    0     0   848  516  578  0  1 98  0  0
 1  0     12 214376 419668 2404316    0    0     0  1930  452  353 11  2 87  1  0
 0  0     12 209600 419668 2409012    0    0     0   477  370  327  0  1 99  0  0
 0  0     12 204860 419668 2414020    0    0     0  1461  420  346  0  1 99  0  0
 1  0     12 112224 420156 2485672    0    0     0  5135 3375 6143 10  7 75  7  0
 0  2     12 151176 422488 2466892    0    0     0  7652 4039 7212 13 11 70  6  0
 2  0     12 237132 422704 2402568    0    0    14 11264 5100 7590  6  6 82  7  0
 1  0     12 211388 422704 2399868    0    0     0  1496  740  611 11  2 87  0  0
 2  0     12 127516 423788 2471068    0    0     0  4060 3525 6159  9  7 79  5  0
 1  0     12 118112 423912 2475632    0    0     0  4506 3432 5924 12 10 71  7  0
 0  0     12 266132 427012 2364252    0    0     0 15230 3996 7766  4  5 84  7  0
 1  0     12 231764 427012 2399624    0    0     0  1964 1036  679  3  2 95  0  0
 0  0     12 217908 427012 2383296    0    0     0   200  325  263 11  2 88  0  0
 0  0     12 214348 427012 2387752    0    0     0  3361  308  238  0  0 99  0  0
 0  0     12 210648 427012 2391844    0    0     0  1310  290  241  0  0 99  1  0
 2  0     12 155748 427076 2430760    0    0     0  3504 1913 3391  2  4 90  4  0
 1  0     12 114796 427404 2467896    0    0     0  3578 3191 5680 15  8 71  6  0
 1  0     12 266268 429600 2355236    0    0     0  5299 5769 10772  9 10 76  5  0
 0  0     12 215848 429612 2376256    0    0     0 11980 2230 1643 15  3 79  3  0
procs -----------memory---------- ---swap-- -----io---- -system-- ------cpu-----
 r  b   swpd   Frei Puffer  Cache   si   so    bi    bo   In   cs US SY ID WA st
 0  1     12 173180 430032 2410772    0    0     0  2288 1799 2695  2  3 93  2  0
 2  1     12 121360 431064 2459756    0    0     0  4296 3538 6328 14  9 71  6  0
 2  0     12 255456 432792 2357320    0    0     6  7552 5382 10001  9  9 74  7  0
 1  0     12 231448 432792 2377620    0    0     0  8438 1678 1476  9  4 86  1  0
 0  0     12 199244 432792 2383424    0    0     0   582  558  477  6  1 93  0  0
 2  0     12 135232 433120 2437824    0    0     0  6841 3124 5287  4  6 83  7  0
 2  0     12 138456 433412 2433676    0    0     0  4920 2680 4652 14  8 71  7  0
 0  0     12 274592 436412 2321472    0    0     4 16893 5386 10150  6  9 78  8  0
 0  0     12 275844 436412 2328708    0    0     0   284  620  568  1  1 98  0  0
 0  0     12 260636 436412 2343960    0    0     0   953  537  563  2  1 97  0  0
 0  0     12 254688 436412 2349964    0    0     0  1066  584  733  0  1 98  0  0
 0  0     12 231784 436432 2344524    0    0     0  1583  499  381 11  2 87  0  0
 2  0     12 162224 439076 2403708    0    0     0  4840 3074 5215  4  6 85  5  0
 2  0     12 137080 439612 2425856    0    0     0  2846 2676 4692 15  8 72  5  0
 2  0     12 238588 443044 2344048    0    0     0 12394 5610 10307  7 10 77  5  0
 0  0     12 204324 443056 2356704    0    0     0  2077 1110  702 14  2 83  0  0
 0  0     12 200876 443064 2361204    0    0     0   472  321  283  0  0 99  0  0
